/home/smartpark/autoposter-ai-restored/.venv/lib/python3.12/site-packages/pydantic/_internal/_config.py:341: UserWarning: Valid config keys have changed in V2:
* 'orm_mode' has been renamed to 'from_attributes'
  warnings.warn(message, UserWarning)
INFO:     [routers] previews loaded with forced auth
INFO:     Started server process [1950]
INFO:     Waiting for application startup.
INFO:     Application startup complete.
INFO:     Uvicorn running on http://0.0.0.0:8000 (Press CTRL+C to quit)
INFO:     Shutting down
INFO:     Waiting for application shutdown.
INFO:     Application shutdown complete.
INFO:     Finished server process [1950]
/home/smartpark/autoposter-ai-restored/.venv/lib/python3.12/site-packages/pydantic/_internal/_config.py:341: UserWarning: Valid config keys have changed in V2:
* 'orm_mode' has been renamed to 'from_attributes'
  warnings.warn(message, UserWarning)
INFO:     [routers] previews loaded with forced auth
INFO:     Started server process [2012]
INFO:     Waiting for application startup.
INFO:     Application startup complete.
INFO:     Uvicorn running on http://0.0.0.0:8000 (Press CTRL+C to quit)
INFO:     Shutting down
INFO:     Waiting for application shutdown.
INFO:     Application shutdown complete.
INFO:     Finished server process [2012]
/home/smartpark/autoposter-ai-restored/.venv/lib/python3.12/site-packages/pydantic/_internal/_config.py:341: UserWarning: Valid config keys have changed in V2:
* 'orm_mode' has been renamed to 'from_attributes'
  warnings.warn(message, UserWarning)
INFO:     [routers] previews loaded with forced auth
INFO:     Started server process [1872]
INFO:     Waiting for application startup.
INFO:     Application startup complete.
INFO:     Uvicorn running on http://0.0.0.0:8000 (Press CTRL+C to quit)
/home/smartpark/autoposter-ai-restored/.venv/lib/python3.12/site-packages/pydantic/_internal/_config.py:341: UserWarning: Valid config keys have changed in V2:
* 'orm_mode' has been renamed to 'from_attributes'
  warnings.warn(message, UserWarning)
INFO:     [routers] previews loaded with forced auth
INFO:     Started server process [2017]
INFO:     Waiting for application startup.
INFO:     Application startup complete.
INFO:     Uvicorn running on http://0.0.0.0:8000 (Press CTRL+C to quit)
INFO:     Shutting down
INFO:     Waiting for application shutdown.
INFO:     Application shutdown complete.
INFO:     Finished server process [2017]
/home/smartpark/autoposter-ai-restored/.venv/lib/python3.12/site-packages/pydantic/_internal/_config.py:341: UserWarning: Valid config keys have changed in V2:
* 'orm_mode' has been renamed to 'from_attributes'
  warnings.warn(message, UserWarning)
INFO:     [routers] previews loaded with forced auth
INFO:     Started server process [1979]
INFO:     Waiting for application startup.
INFO:     Application startup complete.
INFO:     Uvicorn running on http://0.0.0.0:8000 (Press CTRL+C to quit)
INFO:     Shutting down
INFO:     Waiting for application shutdown.
INFO:     Application shutdown complete.
INFO:     Finished server process [1979]
